Log file open, 12/09/16 09:52:37
LogInit:Display: Running engine for game: ProjetoPacMan
LogPlatformFile: Not using cached read wrapper
LogInit:Display: RandInit(-1029961998) SRandInit(-1029961998).
LogTaskGraph: Started task graph with 5 named threads and 6 total threads with 1 sets of task threads.
LogStats: Stats thread started at 39.477527
LogPluginManager: Loaded Plugin Paper2D, From C:/Program Files (x86)/Epic Games/4.13/Engine/Plugins/2D/Paper2D/Paper2D.uplugin
LogPluginManager: Loaded Plugin LightPropagationVolume, From C:/Program Files (x86)/Epic Games/4.13/Engine/Plugins/Blendables/LightPropagationVolume/LightPropagationVolume.uplugin
LogPluginManager: Loaded Plugin BlankPlugin, From C:/Program Files (x86)/Epic Games/4.13/Engine/Plugins/Developer/BlankPlugin/BlankPlugin.uplugin
LogPluginManager: Loaded Plugin CodeLiteSourceCodeAccess, From C:/Program Files (x86)/Epic Games/4.13/Engine/Plugins/Developer/CodeLiteSourceCodeAccess/CodeLiteSourceCodeAccess.uplugin
LogPluginManager: Loaded Plugin GitSourceControl, From C:/Program Files (x86)/Epic Games/4.13/Engine/Plugins/Developer/GitSourceControl/GitSourceControl.uplugin
LogPluginManager: Loaded Plugin KDevelopSourceCodeAccess, From C:/Program Files (x86)/Epic Games/4.13/Engine/Plugins/Developer/KDevelopSourceCodeAccess/KDevelopSourceCodeAccess.uplugin
LogPluginManager: Loaded Plugin NullSourceCodeAccess, From C:/Program Files (x86)/Epic Games/4.13/Engine/Plugins/Developer/NullSourceCodeAccess/NullSourceCodeAccess.uplugin
LogPluginManager: Loaded Plugin OneSkyLocalizationService, From C:/Program Files (x86)/Epic Games/4.13/Engine/Plugins/Developer/OneSkyLocalizationService/OneSkyLocalizationService.uplugin
LogPluginManager: Loaded Plugin PerforceSourceControl, From C:/Program Files (x86)/Epic Games/4.13/Engine/Plugins/Developer/PerforceSourceControl/PerforceSourceControl.uplugin
LogPluginManager: Loaded Plugin SubversionSourceControl, From C:/Program Files (x86)/Epic Games/4.13/Engine/Plugins/Developer/SubversionSourceControl/SubversionSourceControl.uplugin
LogPluginManager: Loaded Plugin UObjectPlugin, From C:/Program Files (x86)/Epic Games/4.13/Engine/Plugins/Developer/UObjectPlugin/UObjectPlugin.uplugin
LogPluginManager: Loaded Plugin VisualStudioSourceCodeAccess, From C:/Program Files (x86)/Epic Games/4.13/Engine/Plugins/Developer/VisualStudioSourceCodeAccess/VisualStudioSourceCodeAccess.uplugin
LogPluginManager: Loaded Plugin XCodeSourceCodeAccess, From C:/Program Files (x86)/Epic Games/4.13/Engine/Plugins/Developer/XCodeSourceCodeAccess/XCodeSourceCodeAccess.uplugin
LogPluginManager: Loaded Plugin EpicSurvey, From C:/Program Files (x86)/Epic Games/4.13/Engine/Plugins/Editor/EpicSurvey/EpicSurvey.uplugin
LogPluginManager: Loaded Plugin MacGraphicsSwitching, From C:/Program Files (x86)/Epic Games/4.13/Engine/Plugins/Editor/MacGraphicsSwitching/MacGraphicsSwitching.uplugin
LogPluginManager: Loaded Plugin MobileLauncherProfileWizard, From C:/Program Files (x86)/Epic Games/4.13/Engine/Plugins/Editor/MobileLauncherProfileWizard/MobileLauncherProfileWizard.uplugin
LogPluginManager: Loaded Plugin PluginBrowser, From C:/Program Files (x86)/Epic Games/4.13/Engine/Plugins/Editor/PluginBrowser/PluginBrowser.uplugin
LogPluginManager: Loaded Plugin SpeedTreeImporter, From C:/Program Files (x86)/Epic Games/4.13/Engine/Plugins/Editor/SpeedTreeImporter/SpeedTreeImporter.uplugin
LogPluginManager: Loaded Plugin SuperSearchEditor, From C:/Program Files (x86)/Epic Games/4.13/Engine/Plugins/Editor/SuperSearchEditor/SuperSearchEditor.uplugin
LogPluginManager: Loaded Plugin AlembicImporter, From C:/Program Files (x86)/Epic Games/4.13/Engine/Plugins/Experimental/AlembicImporter/AlembicImporter.uplugin
LogPluginManager: Loaded Plugin BlueprintStats, From C:/Program Files (x86)/Epic Games/4.13/Engine/Plugins/Experimental/BlueprintStats/BlueprintStats.uplugin
LogPluginManager: Loaded Plugin CharacterAI, From C:/Program Files (x86)/Epic Games/4.13/Engine/Plugins/Experimental/CharacterAI/CharacterAI.uplugin
LogPluginManager: Loaded Plugin CodeEditor, From C:/Program Files (x86)/Epic Games/4.13/Engine/Plugins/Experimental/CodeEditor/CodeEditor.uplugin
LogPluginManager: Loaded Plugin CodeView, From C:/Program Files (x86)/Epic Games/4.13/Engine/Plugins/Experimental/CodeView/CodeView.uplugin
LogPluginManager: Loaded Plugin HTML5Networking, From C:/Program Files (x86)/Epic Games/4.13/Engine/Plugins/Experimental/HTML5Networking/HTML5Networking.uplugin
LogPluginManager: Loaded Plugin LiveEditor, From C:/Program Files (x86)/Epic Games/4.13/Engine/Plugins/Experimental/LiveEditor/LiveEditor.uplugin
LogPluginManager: Loaded Plugin OSVR, From C:/Program Files (x86)/Epic Games/4.13/Engine/Plugins/Experimental/OSVR/OSVR.uplugin
LogPluginManager: Loaded Plugin Phya, From C:/Program Files (x86)/Epic Games/4.13/Engine/Plugins/Experimental/Phya/Phya.uplugin
LogPluginManager: Loaded Plugin SignificanceManager, From C:/Program Files (x86)/Epic Games/4.13/Engine/Plugins/Experimental/SignificanceManager/SignificanceManager.uplugin
LogPluginManager: Loaded Plugin SimpleHMD, From C:/Program Files (x86)/Epic Games/4.13/Engine/Plugins/Experimental/SimpleHMD/SimpleHMD.uplugin
LogPluginManager: Loaded Plugin StereoPanorama, From C:/Program Files (x86)/Epic Games/4.13/Engine/Plugins/Experimental/StereoPanorama/StereoPanorama.uplugin
LogPluginManager: Loaded Plugin StructBox, From C:/Program Files (x86)/Epic Games/4.13/Engine/Plugins/Experimental/StructBox/StructBox.uplugin
LogPluginManager: Loaded Plugin AndroidMedia, From C:/Program Files (x86)/Epic Games/4.13/Engine/Plugins/Media/AndroidMedia/AndroidMedia.uplugin
LogPluginManager: Loaded Plugin AvfMedia, From C:/Program Files (x86)/Epic Games/4.13/Engine/Plugins/Media/AvfMedia/AvfMedia.uplugin
LogPluginManager: Loaded Plugin MediaPlayerEditor, From C:/Program Files (x86)/Epic Games/4.13/Engine/Plugins/Media/MediaPlayerEditor/MediaPlayerEditor.uplugin
LogPluginManager: Loaded Plugin WmfMedia, From C:/Program Files (x86)/Epic Games/4.13/Engine/Plugins/Media/WmfMedia/WmfMedia.uplugin
LogPluginManager: Loaded Plugin MessagingDebugger, From C:/Program Files (x86)/Epic Games/4.13/Engine/Plugins/Messaging/MessagingDebugger/MessagingDebugger.uplugin
LogPluginManager: Loaded Plugin TcpMessaging, From C:/Program Files (x86)/Epic Games/4.13/Engine/Plugins/Messaging/TcpMessaging/TcpMessaging.uplugin
LogPluginManager: Loaded Plugin UdpMessaging, From C:/Program Files (x86)/Epic Games/4.13/Engine/Plugins/Messaging/UdpMessaging/UdpMessaging.uplugin
LogPluginManager: Loaded Plugin LevelSequenceEditor, From C:/Program Files (x86)/Epic Games/4.13/Engine/Plugins/MovieScene/LevelSequenceEditor/LevelSequenceEditor.uplugin
LogPluginManager: Loaded Plugin MatineeToLevelSequence, From C:/Program Files (x86)/Epic Games/4.13/Engine/Plugins/MovieScene/MatineeToLevelSequence/MatineeToLevelSequence.uplugin
LogPluginManager: Loaded Plugin NetcodeUnitTest, From C:/Program Files (x86)/Epic Games/4.13/Engine/Plugins/NetcodeUnitTest/NetcodeUnitTest/NetcodeUnitTest.uplugin
LogPluginManager: Loaded Plugin NUTUnrealEngine4, From C:/Program Files (x86)/Epic Games/4.13/Engine/Plugins/NetcodeUnitTest/NUTUnrealEngine4/NUTUnrealEngine4.uplugin
LogPluginManager: Loaded Plugin OnlineSubsystemGooglePlay, From C:/Program Files (x86)/Epic Games/4.13/Engine/Plugins/Online/Android/OnlineSubsystemGooglePlay/OnlineSubsystemGooglePlay.uplugin
LogPluginManager: Loaded Plugin OnlineSubsystemIOS, From C:/Program Files (x86)/Epic Games/4.13/Engine/Plugins/Online/IOS/OnlineSubsystemIOS/OnlineSubsystemIOS.uplugin
LogPluginManager: Loaded Plugin OnlineFramework, From C:/Program Files (x86)/Epic Games/4.13/Engine/Plugins/Online/OnlineFramework/OnlineFramework.uplugin
LogPluginManager: Loaded Plugin OnlineSubsystem, From C:/Program Files (x86)/Epic Games/4.13/Engine/Plugins/Online/OnlineSubsystem/OnlineSubsystem.uplugin
LogPluginManager: Loaded Plugin OnlineSubsystemAmazon, From C:/Program Files (x86)/Epic Games/4.13/Engine/Plugins/Online/OnlineSubsystemAmazon/OnlineSubsystemAmazon.uplugin
LogPluginManager: Loaded Plugin OnlineSubsystemFacebook, From C:/Program Files (x86)/Epic Games/4.13/Engine/Plugins/Online/OnlineSubsystemFacebook/OnlineSubsystemFacebook.uplugin
LogPluginManager: Loaded Plugin OnlineSubsystemNull, From C:/Program Files (x86)/Epic Games/4.13/Engine/Plugins/Online/OnlineSubsystemNull/OnlineSubsystemNull.uplugin
LogPluginManager: Loaded Plugin OnlineSubsystemOculus, From C:/Program Files (x86)/Epic Games/4.13/Engine/Plugins/Online/OnlineSubsystemOculus/OnlineSubsystemOculus.uplugin
LogPluginManager: Loaded Plugin OnlineSubsystemSteam, From C:/Program Files (x86)/Epic Games/4.13/Engine/Plugins/Online/OnlineSubsystemSteam/OnlineSubsystemSteam.uplugin
LogPluginManager: Loaded Plugin OnlineSubsystemUtils, From C:/Program Files (x86)/Epic Games/4.13/Engine/Plugins/Online/OnlineSubsystemUtils/OnlineSubsystemUtils.uplugin
LogPluginManager: Loaded Plugin IOSTapJoy, From C:/Program Files (x86)/Epic Games/4.13/Engine/Plugins/Runtime/Advertising/IOSTapJoy/IOSTapJoy.uplugin
LogPluginManager: Loaded Plugin AnalyticsBlueprintLibrary, From C:/Program Files (x86)/Epic Games/4.13/Engine/Plugins/Runtime/Analytics/AnalyticsBlueprintLibrary/AnalyticsBlueprintLibrary.uplugin
LogPluginManager: Loaded Plugin AnalyticsMulticast, From C:/Program Files (x86)/Epic Games/4.13/Engine/Plugins/Runtime/Analytics/AnalyticsMulticast/AnalyticsMulticast.uplugin
LogPluginManager: Loaded Plugin Apsalar, From C:/Program Files (x86)/Epic Games/4.13/Engine/Plugins/Runtime/Analytics/Apsalar/Apsalar.uplugin
LogPluginManager: Loaded Plugin FileLogging, From C:/Program Files (x86)/Epic Games/4.13/Engine/Plugins/Runtime/Analytics/FileLogging/FileLogging.uplugin
LogPluginManager: Loaded Plugin Flurry, From C:/Program Files (x86)/Epic Games/4.13/Engine/Plugins/Runtime/Analytics/Flurry/Flurry.uplugin
LogPluginManager: Loaded Plugin AndroidDeviceProfileSelector, From C:/Program Files (x86)/Epic Games/4.13/Engine/Plugins/Runtime/AndroidDeviceProfileSelector/AndroidDeviceProfileSelector.uplugin
LogPluginManager: Loaded Plugin AndroidMoviePlayer, From C:/Program Files (x86)/Epic Games/4.13/Engine/Plugins/Runtime/AndroidMoviePlayer/AndroidMoviePlayer.uplugin
LogPluginManager: Loaded Plugin AppleMoviePlayer, From C:/Program Files (x86)/Epic Games/4.13/Engine/Plugins/Runtime/AppleMoviePlayer/AppleMoviePlayer.uplugin
LogPluginManager: Loaded Plugin ArchVisCharacter, From C:/Program Files (x86)/Epic Games/4.13/Engine/Plugins/Runtime/ArchVisCharacter/ArchVisCharacter.uplugin
LogPluginManager: Loaded Plugin CableComponent, From C:/Program Files (x86)/Epic Games/4.13/Engine/Plugins/Runtime/CableComponent/CableComponent.uplugin
LogPluginManager: Loaded Plugin CustomMeshComponent, From C:/Program Files (x86)/Epic Games/4.13/Engine/Plugins/Runtime/CustomMeshComponent/CustomMeshComponent.uplugin
LogPluginManager: Loaded Plugin ExampleDeviceProfileSelector, From C:/Program Files (x86)/Epic Games/4.13/Engine/Plugins/Runtime/ExampleDeviceProfileSelector/ExampleDeviceProfileSelector.uplugin
LogPluginManager: Loaded Plugin GearVR, From C:/Program Files (x86)/Epic Games/4.13/Engine/Plugins/Runtime/GearVR/GearVR.uplugin
LogPluginManager: Loaded Plugin GoogleVRController, From C:/Program Files (x86)/Epic Games/4.13/Engine/Plugins/Runtime/GoogleVR/GoogleVRController/GoogleVRController.uplugin
LogPluginManager: Loaded Plugin GoogleVRHMD, From C:/Program Files (x86)/Epic Games/4.13/Engine/Plugins/Runtime/GoogleVR/GoogleVRHMD/GoogleVRHMD.uplugin
LogPluginManager: Loaded Plugin IOSDeviceProfileSelector, From C:/Program Files (x86)/Epic Games/4.13/Engine/Plugins/Runtime/IOSDeviceProfileSelector/IOSDeviceProfileSelector.uplugin
LogPluginManager: Loaded Plugin LeapMotion, From C:/Program Files (x86)/Epic Games/4.13/Engine/Plugins/Runtime/LeapMotion/LeapMotion.uplugin
LogPluginManager: Loaded Plugin LinuxDeviceProfileSelector, From C:/Program Files (x86)/Epic Games/4.13/Engine/Plugins/Runtime/LinuxDeviceProfileSelector/LinuxDeviceProfileSelector.uplugin
LogPluginManager: Loaded Plugin LiveEditorListenServer, From C:/Program Files (x86)/Epic Games/4.13/Engine/Plugins/Runtime/LiveEditorListenServer/LiveEditorListenServer.uplugin
LogPluginManager: Loaded Plugin OculusAudio, From C:/Program Files (x86)/Epic Games/4.13/Engine/Plugins/Runtime/OculusAudio/OculusAudio.uplugin
LogPluginManager: Loaded Plugin OculusInput, From C:/Program Files (x86)/Epic Games/4.13/Engine/Plugins/Runtime/OculusInput/OculusInput.uplugin
LogPluginManager: Loaded Plugin OculusLibrary, From C:/Program Files (x86)/Epic Games/4.13/Engine/Plugins/Runtime/OculusLibrary/OculusLibrary.uplugin
LogPluginManager: Loaded Plugin OculusRift, From C:/Program Files (x86)/Epic Games/4.13/Engine/Plugins/Runtime/OculusRift/OculusRift.uplugin
LogPluginManager: Loaded Plugin Oodle, From C:/Program Files (x86)/Epic Games/4.13/Engine/Plugins/Runtime/PacketHandlers/CompressionComponents/Oodle/Oodle.uplugin
LogPluginManager: Loaded Plugin ProceduralMeshComponent, From C:/Program Files (x86)/Epic Games/4.13/Engine/Plugins/Runtime/ProceduralMeshComponent/ProceduralMeshComponent.uplugin
LogPluginManager: Loaded Plugin SoundMod, From C:/Program Files (x86)/Epic Games/4.13/Engine/Plugins/Runtime/SoundMod/SoundMod.uplugin
LogPluginManager: Loaded Plugin SoundVisualizations, From C:/Program Files (x86)/Epic Games/4.13/Engine/Plugins/Runtime/SoundVisualizations/SoundVisualizations.uplugin
LogPluginManager: Loaded Plugin SteamController, From C:/Program Files (x86)/Epic Games/4.13/Engine/Plugins/Runtime/Steam/SteamController/SteamController.uplugin
LogPluginManager: Loaded Plugin SteamVR, From C:/Program Files (x86)/Epic Games/4.13/Engine/Plugins/Runtime/Steam/SteamVR/SteamVR.uplugin
LogPluginManager: Loaded Plugin WebBrowserWidget, From C:/Program Files (x86)/Epic Games/4.13/Engine/Plugins/Runtime/WebBrowserWidget/WebBrowserWidget.uplugin
LogPluginManager: Loaded Plugin WindowsDeviceProfileSelector, From C:/Program Files (x86)/Epic Games/4.13/Engine/Plugins/Runtime/WindowsDeviceProfileSelector/WindowsDeviceProfileSelector.uplugin
LogPluginManager: Loaded Plugin WindowsMoviePlayer, From C:/Program Files (x86)/Epic Games/4.13/Engine/Plugins/Runtime/WindowsMoviePlayer/WindowsMoviePlayer.uplugin
LogPluginManager: Loaded Plugin ScriptPlugin, From C:/Program Files (x86)/Epic Games/4.13/Engine/Plugins/ScriptPlugin/ScriptPlugin.uplugin
LogPluginManager: Loaded Plugin SlateRemote, From C:/Program Files (x86)/Epic Games/4.13/Engine/Plugins/Slate/SlateRemote/SlateRemote.uplugin
LogInit: Using libcurl 7.47.1
LogInit:  - built for x86_64-pc-win32
LogInit:  - supports SSL with WinSSL
LogInit:  - other features:
LogInit:      CURL_VERSION_SSL
LogInit:      CURL_VERSION_IPV6
LogInit:      CURL_VERSION_ASYNCHDNS
LogInit:      CURL_VERSION_LARGEFILE
LogInit:      CURL_VERSION_IDN
LogInit:  CurlRequestOptions (configurable via config and command line):
LogInit:  - bVerifyPeer = false  - Libcurl will NOT verify peer certificate
LogInit:  - bUseHttpProxy = false  - Libcurl will NOT use HTTP proxy
LogInit:  - bDontReuseConnections = false  - Libcurl will reuse connections
LogInit:  - CertBundlePath = nullptr  - Libcurl will use whatever was configured at build time.
LogInit: Build: ++UE4+Release-4.13-CL-3172292
LogInit: Engine Version: 4.13.2-3172292+++UE4+Release-4.13
LogInit: Compatible Engine Version: 4.13.0-3106830+++UE4+Release-4.13
LogInit: Net CL: 3172292
LogDevObjectVersion: Number of dev versions registered: 13
LogDevObjectVersion:   Dev-Blueprints (B0D832E4-1F89-4F0D-ACCF-7EB736FD4AA2): 5
LogDevObjectVersion:   Dev-Build (E1C64328-A22C-4D53-A36C-8E866417BD8C): 0
LogDevObjectVersion:   Dev-Core (375EC13C-06E4-48FB-B500-84F0262A717E): 1
LogDevObjectVersion:   Dev-Editor (E4B068ED-F494-42E9-A231-DA0B2E46BB41): 6
LogDevObjectVersion:   Dev-Framework (CFFC743F-43B0-4480-9391-14DF171D2073): 12
LogDevObjectVersion:   Dev-Mobile (B02B49B5-BB20-44E9-A304-32B752E40360): 0
LogDevObjectVersion:   Dev-Networking (A4E4105C-59A1-49B5-A7C5-40C4547EDFEE): 0
LogDevObjectVersion:   Dev-Online (39C831C9-5AE6-47DC-9A44-9C173E1C8E7C): 0
LogDevObjectVersion:   Dev-Physics (78F01B33-EBEA-4F98-B9B4-84EACCB95AA2): 0
LogDevObjectVersion:   Dev-Platform (6631380F-2D4D-43E0-8009-CF276956A95A): 0
LogDevObjectVersion:   Dev-Rendering (12F88B9F-8875-4AFC-A67C-D90C383ABD29): 4
LogDevObjectVersion:   Dev-Sequencer (7B5AE74C-D270-4C10-A958-57980B212A5A): 0
LogDevObjectVersion:   Dev-VR (D7296918-1DD6-4BDD-9DE2-64A83CC13884): 0
LogInit: Compiled (64-bit): Oct 24 2016 14:29:06
LogInit: Compiled with Visual C++: 19.00.23026.00
LogInit: Build Configuration: Development
LogInit: Branch Name: ++UE4+Release-4.13
LogInit: Command line:  
LogInit: Base directory: C:/Program Files (x86)/Epic Games/4.13/Engine/Binaries/Win64/
LogInit: Installed Engine Build: 1
LogInit: Presizing for max 8388607 objects, including 0 objects not considered by GC, pre-allocating 0 bytes for permanent pool.
LogInit: Object subsystem initialized
[2016.12.09-11.52.57:256][  0]LogInit: Selected Device Profile: [Windows]
[2016.12.09-11.52.57:256][  0]LogInit: Applying CVar settings loaded from the selected device profile: [Windows]
[2016.12.09-11.52.59:900][  0]LogInit: Computer: DESKTOP-KJRFG8H
[2016.12.09-11.52.59:900][  0]LogInit: User: MacdeAnderson
[2016.12.09-11.52.59:900][  0]LogInit: CPU Page size=65536, Cores=2
[2016.12.09-11.52.59:900][  0]LogInit: High frequency timer resolution =1.753838 MHz
[2016.12.09-11.53.00:155][  0]LogMemory: Memory total: Physical=3.9GB (4GB approx)
[2016.12.09-11.53.00:189][  0]LogMemory: Platform Memory Stats for Windows
[2016.12.09-11.53.00:189][  0]LogMemory: Process Physical Memory: 256.77 MB used, 256.77 MB peak
[2016.12.09-11.53.00:189][  0]LogMemory: Process Virtual Memory: 259.72 MB used, 259.72 MB peak
[2016.12.09-11.53.00:189][  0]LogMemory: Physical Memory: 2832.64 MB used, 3988.27 MB total
[2016.12.09-11.53.00:189][  0]LogMemory: Virtual Memory: 626.05 MB used, 134217728.00 MB total
[2016.12.09-11.54.00:019][  0]LogD3D11RHI: D3D11 adapters:
[2016.12.09-11.54.00:224][  0]LogD3D11RHI:    0. 'Intel(R) HD Graphics' (Feature Level 11_0)
[2016.12.09-11.54.00:224][  0]LogD3D11RHI:       32/0/1760 MB DedicatedVideo/DedicatedSystem/SharedSystem, Outputs:1, VendorId:0x8086
[2016.12.09-11.54.00:248][  0]LogD3D11RHI:    1. 'Microsoft Basic Render Driver' (Feature Level 11_0)
[2016.12.09-11.54.00:248][  0]LogD3D11RHI:       0/0/1994 MB DedicatedVideo/DedicatedSystem/SharedSystem, Outputs:0, VendorId:0x1414
[2016.12.09-11.54.00:248][  0]LogD3D11RHI: Chosen D3D11 Adapter: 0
[2016.12.09-11.54.00:282][  0]LogD3D11RHI: Creating new Direct3DDevice
[2016.12.09-11.54.00:284][  0]LogD3D11RHI:     GPU DeviceId: 0x156 (for the marketing name, search the web for "GPU Device Id")
[2016.12.09-11.54.00:284][  0]LogWindows: EnumDisplayDevices:
[2016.12.09-11.54.00:284][  0]LogWindows:    0. 'Intel(R) HD Graphics' (P:1 D:1)
[2016.12.09-11.54.00:284][  0]LogWindows:    1. 'Intel(R) HD Graphics' (P:0 D:0)
[2016.12.09-11.54.00:285][  0]LogWindows:    2. 'Intel(R) HD Graphics' (P:0 D:0)
[2016.12.09-11.54.00:285][  0]LogWindows: DebugString: FoundDriverCount:3 
[2016.12.09-11.54.00:285][  0]LogD3D11RHI:     Adapter Name: Intel(R) HD Graphics
[2016.12.09-11.54.00:285][  0]LogD3D11RHI:   Driver Version: 10.18.10.4358 (internal:10.18.10.4358, unified:10.18.10.4358)
[2016.12.09-11.54.00:285][  0]LogD3D11RHI:      Driver Date: 12-21-2015
[2016.12.09-11.54.00:285][  0]LogRHI: Texture pool is 638 MB (70% of 912 MB)
[2016.12.09-11.54.00:290][  0]LogD3D11RHI: Async texture creation enabled
[2016.12.09-11.54.02:726][  0]LogD3D11RHI: GPU Timing Frequency: 12.500000 (Debug: 2 0)
[2016.12.09-11.54.03:692][  0]LogShaderCompilers: Guid format shader working directory is 31 characters bigger than the processId version (E:/ProjetoPacMan/Intermediate/Shaders/WorkingDirectory/492/).
[2016.12.09-11.54.03:692][  0]LogShaderCompilers: Cleaned the shader compiler working directory 'C:/Users/alaur/AppData/Local/Temp/UnrealShaderWorkingDir/CC7A83A44FE626D86952CDB5BACFDA0A/'.
[2016.12.09-11.54.03:853][  0]LogShaderCompilers:Display: Using Local Shader Compiler.
[2016.12.09-11.54.56:343][  0]LogTemp:Display: Loaded TP AllDesktopTargetPlatform
[2016.12.09-11.54.56:361][  0]LogTemp:Display: Loaded TP WindowsClientTargetPlatform
[2016.12.09-11.54.56:385][  0]LogTemp:Display: Loaded TP WindowsNoEditorTargetPlatform
[2016.12.09-11.54.56:408][  0]LogTemp:Display: Loaded TP WindowsServerTargetPlatform
[2016.12.09-11.54.56:428][  0]LogTemp:Display: Loaded TP WindowsTargetPlatform
[2016.12.09-11.54.56:485][  0]LogTemp:Display: Loaded TP AndroidTargetPlatform
[2016.12.09-11.54.56:507][  0]LogTemp:Display: Loaded TP Android_ASTCTargetPlatform
[2016.12.09-11.54.56:523][  0]LogTemp:Display: Loaded TP Android_ATCTargetPlatform
[2016.12.09-11.54.56:541][  0]LogTemp:Display: Loaded TP Android_DXTTargetPlatform
[2016.12.09-11.54.56:591][  0]LogTemp:Display: Loaded TP Android_ETC1TargetPlatform
[2016.12.09-11.54.56:608][  0]LogTemp:Display: Loaded TP Android_ETC2TargetPlatform
[2016.12.09-11.54.56:709][  0]LogTemp:Display: Loaded TP Android_MultiTargetPlatform
[2016.12.09-11.54.56:710][  0]LogTemp:Display: Loaded TP Android_PVRTCTargetPlatform
[2016.12.09-11.54.56:723][  0]LogTemp:Display: Loaded TP HTML5TargetPlatform
[2016.12.09-11.54.56:979][  0]LogTemp:Display: Loaded TP IOSTargetPlatform
[2016.12.09-11.54.56:995][  0]LogTemp:Display: Loaded TP TVOSTargetPlatform
[2016.12.09-11.54.57:010][  0]LogTemp:Display: Loaded TP LinuxClientTargetPlatform
[2016.12.09-11.54.57:026][  0]LogTemp:Display: Loaded TP LinuxNoEditorTargetPlatform
[2016.12.09-11.54.57:039][  0]LogTemp:Display: Loaded TP LinuxServerTargetPlatform
[2016.12.09-11.54.57:119][  0]LogTemp:Display: Loaded TP LinuxTargetPlatform
[2016.12.09-11.54.57:119][  0]LogTargetPlatformManager:Display: Building Assets For Windows
[2016.12.09-11.54.59:708][  0]LogDerivedDataCache:Display: Max Cache Size: 512 MB
[2016.12.09-11.55.02:488][  0]LogDerivedDataCache: Loaded boot cache 2.77s 62MB C:/Users/alaur/AppData/Local/UnrealEngine/4.13/DerivedDataCache/Boot.ddc.
[2016.12.09-11.55.02:488][  0]LogDerivedDataCache:Display: Loaded Boot cache: C:/Users/alaur/AppData/Local/UnrealEngine/4.13/DerivedDataCache/Boot.ddc
[2016.12.09-11.55.02:488][  0]LogDerivedDataCache: FDerivedDataBackendGraph:  Pak pak cache file E:/ProjetoPacMan/DerivedDataCache/DDC.ddp not found, will not use a pak cache.
[2016.12.09-11.55.02:488][  0]LogDerivedDataCache: Unable to find inner node Pak for hierarchical cache Hierarchy.
[2016.12.09-11.55.02:489][  0]LogDerivedDataCache: FDerivedDataBackendGraph:  CompressedPak pak cache file E:/ProjetoPacMan/DerivedDataCache/Compressed.ddp not found, will not use a pak cache.
[2016.12.09-11.55.02:489][  0]LogDerivedDataCache: Unable to find inner node CompressedPak for hierarchical cache Hierarchy.
[2016.12.09-11.55.02:842][  0]LogDerivedDataCache:Display: Pak cache opened for reading ../../../Engine/DerivedDataCache/Compressed.ddp.
[2016.12.09-11.55.02:923][  0]LogDerivedDataCache: Using Local data cache path C:/Users/alaur/AppData/Local/UnrealEngine/Common/DerivedDataCache: Writable
[2016.12.09-11.56.11:949][  0]LogInit: Selected Device Profile: [Windows]
[2016.12.09-11.56.13:848][  0]LogContentStreaming: Texture pool size is 0.00 MB
[2016.12.09-11.56.15:550][  0]LogMeshUtilities: No automatic mesh reduction module available
[2016.12.09-11.56.15:550][  0]LogMeshUtilities: No automatic mesh merging module available
[2016.12.09-11.56.15:550][  0]LogMeshUtilities: No distributed automatic mesh merging module available
[2016.12.09-11.56.27:372][  0]LogMaterial: Uniform references updated for custom material expression Custom.
[2016.12.09-11.56.49:937][  0]LogNetVersion: GetLocalNetworkVersion: CL: 3106830, ProjectName: projetopacman, ProjectVersion: , EngineNetworkVersion: 1, GameNetworkVersion: 0, NetworkChecksum: 1135870952
[2016.12.09-11.56.50:630][  0]LogAssetRegistry: FAssetRegistry took 0.1971 seconds to start up
[2016.12.09-11.56.52:981][  0]LogPackageLocalizationCache: Processed 3 localized package path(s) for 2 prioritized culture(s) in 2.245119 seconds
[2016.12.09-11.56.53:471][  0]LogUObjectArray: 29778 objects as part of root set at end of initial load.
[2016.12.09-11.56.53:520][  0]LogUObjectAllocator: 6125448 out of 0 bytes used by permanent object pool.
[2016.12.09-11.56.53:520][  0]LogUObjectArray: CloseDisregardForGC: 0/0 objects in disregard for GC pool
[2016.12.09-11.56.54:471][  0]LogInit: WinSock: version 1.1 (2.2), MaxSocks=32767, MaxUdp=65467
[2016.12.09-11.57.31:741][  0]LogSlate: SlateFontCache - WITH_FREETYPE: 1, WITH_HARFBUZZ: 1
[2016.12.09-11.57.31:741][  0]LogSlate: SlateFontCache - WITH_FREETYPE: 1, WITH_HARFBUZZ: 1
[2016.12.09-11.59.03:789][  0]LogTcpMessaging: Initializing TcpMessaging bridge
[2016.12.09-11.59.03:897][  0]LogUdpMessaging: Initializing bridge on interface 0.0.0.0:0 to multicast group 230.0.0.1:6666.
[2016.12.09-11.59.39:974][  0]SourceControl: Informações Controle de origem desativado
[2016.12.09-11.59.47:865][  0]SourceControl: Informações Controle de origem desativado
[2016.12.09-11.59.48:069][  0]SourceControl: Informações Controle de origem desativado
[2016.12.09-11.59.48:166][  0]SourceControl: Informações Controle de origem desativado
[2016.12.09-12.00.07:564][  0]LogEngine: Initializing Engine...
[2016.12.09-12.00.07:634][  0]LogHMD: Failed to initialize OpenVR with code 110
[2016.12.09-12.00.17:641][  0]LogAIModule: Creating AISystem for world Untitled
[2016.12.09-12.00.27:198][  0]LogWorld: Updating cull distance volumes took  1.63 seconds
[2016.12.09-12.00.30:311][  0]LogInit: XAudio2 using 'Alto-falantes/Fone de ouvido (Realtek High Definition Audio)' : 2 channels at 48 kHz using 32 bits per sample (channel mask 0x3)
[2016.12.09-12.00.33:926][  0]LogInit: FAudioDevice initialized.
[2016.12.09-12.00.34:131][  0]LogDerivedDataCache: Saved boot cache 0.20s 62MB C:/Users/alaur/AppData/Local/UnrealEngine/4.13/DerivedDataCache/Boot.ddc.
[2016.12.09-12.00.34:148][  0]LogInit: Texture streaming: Enabled
[2016.12.09-12.00.43:802][  0]LogInit: Transaction tracking system initialized
[2016.12.09-12.00.45:256][  0]BlueprintLog: New page: Carregar Editor
[2016.12.09-12.01.06:426][  0]LocalizationService: Informações Localization service is disabled
[2016.12.09-12.01.10:259][  0]LogConsoleResponse:Display: 
[2016.12.09-12.01.51:118][  0]LogFileCache: Scanning file cache for directory 'E:/ProjetoPacMan/Content/' took 0.22s
[2016.12.09-12.01.51:118][  0]LogCook:Display: Max memory allowance for cook 16384mb min free memory 0mb
[2016.12.09-12.01.51:157][  0]LogCook:Display: Mobile HDR setting 1
[2016.12.09-12.02.08:801][  0]SourceControl: Informações Controle de origem desativado
[2016.12.09-12.03.13:015][  0]LogWindowsTextInputMethodSystem:Display: IME system now deactivated.
[2016.12.09-12.03.13:584][  0]LogWindowsTextInputMethodSystem:Display: IME system now deactivated.
[2016.12.09-12.03.15:205][  0]LogWindowsTextInputMethodSystem:Display: IME system now deactivated.
[2016.12.09-12.03.18:407][  0]LogWindowsTextInputMethodSystem:Display: IME system now deactivated.
[2016.12.09-12.03.18:685][  0]Cmd: MAP LOAD FILE="E:/ProjetoPacMan/Content/StarterContent/Maps/Minimal_Default.umap" TEMPLATE=0 SHOWPROGRESS=1 FEATURELEVEL=3
[2016.12.09-12.03.19:142][  0]LightingResults: New page: Compilação de Iluminação
[2016.12.09-12.03.21:250][  0]MapCheck: New page: Verificação de Mapa
[2016.12.09-12.03.21:250][  0]LightingResults: New page: Compilação de Iluminação
[2016.12.09-12.03.37:452][  0]LogAIModule: Creating AISystem for world Minimal_Default
[2016.12.09-12.03.41:633][  0]LogEditorServer: Finished looking for orphan Actors (0.037 secs)
[2016.12.09-12.03.42:066][  0]Cmd: MAP CHECKDEP NOCLEARLOG
[2016.12.09-12.03.43:948][  0]MapCheck: Informações Map check complete: 0 Error(s), 0 Warning(s), took 1.818,614ms to complete.
[2016.12.09-12.03.43:948][  0]LogFileHelpers: Loading map 'Minimal_Default' took 25.481
[2016.12.09-12.03.53:501][  0]LogStats:Warning: MetaData mismatch. Did you assign a stat to two groups? New //STATGROUP_Threads//SplashScreenThread///Thread_f0c_0///####STATCAT_Advanced#### old //STATGROUP_Threads//SplashScreenThread///Thread_1348_0///####STATCAT_Advanced####
[2016.12.09-12.03.53:501][  0]LogCollectionManager: Loaded 0 collections in 0.007111 seconds
[2016.12.09-12.03.55:102][  0]LogFileCache: Scanning file cache for directory 'E:/ProjetoPacMan/Saved/Collections/' took 0.54s
[2016.12.09-12.03.55:103][  0]LogFileCache: Scanning file cache for directory 'E:/ProjetoPacMan/Content/Developers/MacdeAnderson/Collections/' took 0.01s
[2016.12.09-12.03.55:103][  0]LogFileCache: Scanning file cache for directory 'E:/ProjetoPacMan/Content/Collections/' took 0.01s
[2016.12.09-12.03.55:103][  0]LogCollectionManager: Rebuilt the GUID cache for 0 collections in 0.000014 seconds
[2016.12.09-12.03.55:304][  0]LogContentBrowser: Native class hierarchy populated in 0.1819 seconds. Added 2143 classes and 417 folders.
[2016.12.09-12.03.55:544][  0]LogStats: UGameplayTagsManager::ConstructGameplayTagTree: Construct from data asset -  0.000 s
[2016.12.09-12.03.55:545][  0]LogStats: UGameplayTagsManager::ConstructGameplayTagTree: GameplayTagTreeChangedEvent.Broadcast -  0.000 s
[2016.12.09-12.03.55:549][  0]LogContentBrowser: Native class hierarchy updated for 'GameplayTags' in 0.0023 seconds. Added 12 classes and 0 folders.
[2016.12.09-12.03.55:591][  0]LogContentBrowser: Native class hierarchy updated for 'WidgetCarousel' in 0.0022 seconds. Added 0 classes and 0 folders.
[2016.12.09-12.04.07:419][  0]LogContentBrowser: Native class hierarchy updated for 'AddContentDialog' in 0.0023 seconds. Added 0 classes and 0 folders.
[2016.12.09-12.04.07:847][  0]LogContentBrowser: Native class hierarchy updated for 'SceneOutliner' in 0.0020 seconds. Added 1 classes and 2 folders.
[2016.12.09-12.04.10:649][  0]LogCrashTracker: Crashtracker disabled due to settings.
[2016.12.09-12.04.11:529][  0]LogUObjectGlobals:Warning: Falha ao encontrar objeto “Class Nenhum.”
[2016.12.09-12.04.13:196][  0]LogContentBrowser: Native class hierarchy updated for 'HierarchicalLODOutliner' in 0.0021 seconds. Added 1 classes and 2 folders.
[2016.12.09-12.04.13:197][  0]LogLoad: (Engine Initialization) Total time: 804.65 seconds
[2016.12.09-12.04.13:197][  0]LogLoad: (Engine Initialization) Total Blueprint compile time: 3.99 seconds
[2016.12.09-12.04.13:293][  0]LogExternalProfiler: Found external profiler: VSPerf
[2016.12.09-12.04.13:293][  0]LogExternalProfiler: Using external profiler: VSPerf
[2016.12.09-12.04.13:472][  0]LogOcInput: OculusInput pre-init called
[2016.12.09-12.04.15:563][  0]LogContentStreaming: Texture pool size now 1000 MB
[2016.12.09-12.04.29:963][  0]LogRenderer: Reallocating scene render targets to support 812x352 (Frame:2).
[2016.12.09-12.04.39:828][  1]Cmd: CAMERA ALIGN ACTIVEVIEWPORTONLY
[2016.12.09-12.04.39:874][  1]Can't find target actor or component.
[2016.12.09-12.04.41:281][  1]LogEditorViewport: Clicking on Actor (LMB): StaticMeshActor (Chair)
[2016.12.09-12.04.52:981][ 11]LogAssetRegistry: Asset discovery search completed in 482.5468 seconds
[2016.12.09-12.04.53:013][ 11]LogCollectionManager: Rebuilt the object cache for 0 collections in 0.000002 seconds (found 0 objects)
[2016.12.09-12.04.53:066][ 11]LogCollectionManager: Fixed up redirectors for 0 collections in 0.084344 seconds (updated 0 objects)
[2016.12.09-12.05.11:315][100]LogUObjectHash:Warning: Ambiguous search, could be Function /Game/Blueprints/PacManBP.PacManBP_C:Gate or Function /Game/Blueprints/PacManBP.SKEL_PacManBP_C:Gate
[2016.12.09-12.05.11:316][100]LogUObjectHash:Warning: Ambiguous search, could be Function /Game/Blueprints/PacManBP.PacManBP_C:Gate or Function /Engine/Transient.REINST_PacManBP_C_38:Gate
[2016.12.09-12.05.11:316][100]LogUObjectHash:Warning: Ambiguous search, could be Function /Game/Blueprints/PacManBP.PacManBP_C:Gate or Function /Engine/Transient.REINST_PacManBP_C_49:Gate
[2016.12.09-12.05.12:228][100]LogContentBrowser: Native class hierarchy updated for 'BlueprintGraph' in 0.0032 seconds. Added 112 classes and 0 folders.
[2016.12.09-12.06.00:939][321]LogRenderer: Reallocating scene render targets to support 844x544 (Frame:236).
[2016.12.09-12.06.24:931][572]LogAIModule: Creating AISystem for world Maze
[2016.12.09-12.06.26:366][572]Cmd: MAP LOAD FILE="E:/ProjetoPacMan/Content/Levels/Maze.umap" TEMPLATE=0 SHOWPROGRESS=1 FEATURELEVEL=3
[2016.12.09-12.06.26:367][572]LightingResults: New page: Compilação de Iluminação
[2016.12.09-12.06.26:375][572]LoadErrors: New page: Carregando mapa: Maze.umap
[2016.12.09-12.06.26:795][572]MapCheck: New page: Verificação de Mapa
[2016.12.09-12.06.26:796][572]LightingResults: New page: Compilação de Iluminação
[2016.12.09-12.06.40:414][572]LogEditorServer: Finished looking for orphan Actors (0.000 secs)
[2016.12.09-12.06.42:244][572]Cmd: MAP CHECKDEP NOCLEARLOG
[2016.12.09-12.06.43:740][572]MapCheck: Informações Map check complete: 0 Error(s), 0 Warning(s), took 1.495,225ms to complete.
[2016.12.09-12.06.43:741][572]LogFileHelpers: Loading map 'Maze' took 17.501
[2016.12.09-12.16.13:520][256]LogEditorViewport: Clicking on Actor (LMB): Landscape (Landscape)
[2016.12.09-12.16.20:255][256]LogBlueprintUserMessages: Early PlayInEditor Detection: Level '/Game/Levels/Maze.Maze:PersistentLevel' has LevelScriptBlueprint '/Game/Levels/Maze.Maze:PersistentLevel.Maze' with GeneratedClass '/Game/Levels/Maze.Maze_C' with ClassGeneratedBy '/Game/Levels/Maze.Maze:PersistentLevel.Maze'
[2016.12.09-12.16.20:678][256]LogPlayLevel: PlayLevel: No blueprints needed recompiling
[2016.12.09-12.16.23:805][256]PIE: New page: Sessão de PIE : Maze (09/12/2016 07:16:22)
[2016.12.09-12.16.36:796][256]LogPlayLevel: Creating play world package: /Game/Levels/UEDPIE_0_Maze
[2016.12.09-12.16.38:231][256]LogPlayLevel: PIE: StaticDuplicateObject took: (1.435207s)
[2016.12.09-12.16.38:375][256]LogAIModule: Creating AISystem for world Maze
[2016.12.09-12.16.38:505][256]LogPlayLevel: PIE: World Init took: (0.273774s)
[2016.12.09-12.16.38:528][256]LogPlayLevel: PIE: Created PIE world by copying editor world from /Game/Levels/Maze.Maze to /Game/Levels/UEDPIE_0_Maze.Maze (1.915649s)
[2016.12.09-12.16.40:188][256]LogInit: XAudio2 using 'Alto-falantes/Fone de ouvido (Realtek High Definition Audio)' : 2 channels at 48 kHz using 32 bits per sample (channel mask 0x3)
[2016.12.09-12.16.43:576][256]LogInit: FAudioDevice initialized.
[2016.12.09-12.16.46:621][256]LogWorld: Game class is 'GameModePM_C'
[2016.12.09-12.16.49:807][256]LogWorld: Bringing World /Game/Levels/UEDPIE_0_Maze.Maze up for play (max tick rate 60) at 2016.12.09-10.16.49
[2016.12.09-12.16